<?xml version="1.0" encoding="UTF-8"?>
<!-- Generated by org.testng.reporters.JUnitReportReporter -->
<testsuite hostname="LAPTOP-V2U7GAU2" failures="0" tests="1" name="com.testng.Testng" time="44.198" errors="0" timestamp="21 Aug 2021 16:57:35 GMT" skipped="0">
  <testcase classname="com.testng.Testng" name="Test1" time="44.198"/>
</testsuite> <!-- com.testng.Testng -->
