<?xml version="1.0" encoding="UTF-8"?>
<!-- Generated by org.testng.reporters.JUnitReportReporter -->
<testsuite hostname="LAPTOP-V2U7GAU2" failures="0" tests="1" name="com.testng.Testng" time="45.002" errors="0" timestamp="29 Jul 2021 08:00:43 GMT" skipped="0">
  <testcase classname="com.testng.Testng" name="Test1" time="45.002"/>
</testsuite> <!-- com.testng.Testng -->
